Arguments: 
  /usr/local/bin/node /usr/local/Cellar/yarn/1.9.4/libexec/bin/yarn.js add eslint

PATH: 
  /Users/orjiikechukwu/.rvm/gems/ruby-2.5.1/bin:/Users/orjiikechukwu/.rvm/gems/ruby-2.5.1@global/bin:/Users/orjiikechukwu/.rvm/rubies/ruby-2.5.1/bin:/usr/local/bin:/usr/bin:/bin:/usr/sbin:/sbin:/Library/Frameworks/Mono.framework/Versions/Current/Commands:/Applications/Postgres.app/Contents/Versions/latest/bin:/Users/orjiikechukwu/.rvm/bin

Yarn version: 
  1.9.4

Node version: 
  10.8.0

Platform: 
  darwin x64

Trace: 
  SyntaxError: /Users/orjiikechukwu/Documents/Projects/Github/mine/picsgram/package.json: Unexpected token } in JSON at position 177
      at JSON.parse (<anonymous>)
      at /usr/local/Cellar/yarn/1.9.4/libexec/lib/cli.js:1130:59
      at Generator.next (<anonymous>)
      at step (/usr/local/Cellar/yarn/1.9.4/libexec/lib/cli.js:92:30)
      at /usr/local/Cellar/yarn/1.9.4/libexec/lib/cli.js:103:13

npm manifest: 
  {
    "name": "picsgram",
    "version": "1.0.0",
    "main": "index.js",
    "repository": "https://github.com/JojiAndela/picsgramApi.git",
    "author": "jojitoon",
    "license": "MIT",
  }

yarn manifest: 
  No manifest

Lockfile: 
  No lockfile
